<?xml version="1.0" encoding="UTF-8"?>
<!-- Generated by org.testng.reporters.JUnitXMLReporter -->
<testsuite hostname="ASI-1" ignored="0" name="Default test" tests="3" failures="0" timestamp="11 Jul 2017 00:20:49 GMT" time="0.092" errors="0">
  <testcase name="Login" time="0.017" classname="TestNGSamples.test4"/>
  <testcase name="Login" time="0.01" classname="TestNGSamples.test4"/>
  <testcase name="Login" time="0.002" classname="TestNGSamples.test4"/>
</testsuite> <!-- Default test -->
